<?xml version="1.0" encoding="UTF-8"?>
<testng-results ignored="0" total="1" passed="1" failed="0" skipped="0">
  <reporter-output>
  </reporter-output>
  <suite started-at="2023-01-13T02:39:10 IST" name="Default suite" finished-at="2023-01-13T02:39:18 IST" duration-ms="8539">
    <groups>
    </groups>
    <test started-at="2023-01-13T02:39:10 IST" name="Default test" finished-at="2023-01-13T02:39:18 IST" duration-ms="8539">
      <class name="conf.conf.Irctc">
        <test-method signature="writeExcel()[pri:0, instance:conf.conf.Irctc@47e2e487]" started-at="2023-01-13T02:39:10 IST" name="writeExcel" finished-at="2023-01-13T02:39:18 IST" duration-ms="8524" status="PASS">
          <reporter-output>
          </reporter-output>
        </test-method> <!-- writeExcel -->
      </class> <!-- conf.conf.Irctc -->
    </test> <!-- Default test -->
  </suite> <!-- Default suite -->
</testng-results>
